1512464290012	geckodriver	INFO	geckodriver 0.19.1
1512464290071	geckodriver	INFO	Listening on 127.0.0.1:57215
1512464290432	mozrunner::runner	INFO	Running command: "/Applications/Firefox.app/Contents/MacOS/firefox-bin" "-marionette" "-profile" "/var/folders/cr/lh8j7bm17573lyz1wncclpjm0000gn/T/rust_mozprofile.idZN6PuoPhsg"
1512464291081	Marionette	INFO	Enabled via --marionette
2017-12-05 16:58:12.004 plugin-container[27057:1173365] *** CFMessagePort: bootstrap_register(): failed 1100 (0x44c) 'Permission denied', port = 0xaf3f, name = 'com.apple.tsm.portname'
See /usr/include/servers/bootstrap_defs.h for the error codes.
1512464292448	Marionette	INFO	Listening on port 57219
1512464292493	Marionette	WARN	TLS certificate errors will be ignored for this session
1512464292540	Marionette	DEBUG	Register listener.js for window 2147483649
1512464292575	Marionette	DEBUG	Received DOM event "beforeunload" for "about:blank"
1512464292905	Marionette	DEBUG	Received DOM event "pagehide" for "about:blank"
1512464292905	Marionette	DEBUG	Received DOM event "unload" for "about:blank"
JavaScript error: https://ss1.bdstatic.com/5eN1bjq8AAUYm2zgoY3K/r/www/cache/static/protocol/https/plugins/every_cookie_mac_82990d4.js, line 4: ReferenceError: c is not defined
1512464293105	Marionette	DEBUG	Received DOM event "DOMContentLoaded" for "https://www.baidu.com/"
1512464293454	Marionette	DEBUG	Received DOM event "pageshow" for "https://www.baidu.com/"
1512464467309	geckodriver	INFO	geckodriver 0.19.1
1512464467368	geckodriver	INFO	Listening on 127.0.0.1:57329
1512464467521	mozrunner::runner	INFO	Running command: "/Applications/Firefox.app/Contents/MacOS/firefox-bin" "-marionette" "-profile" "/var/folders/cr/lh8j7bm17573lyz1wncclpjm0000gn/T/rust_mozprofile.JYcKmLDJf8Ba"
1512464467970	Marionette	INFO	Enabled via --marionette
2017-12-05 17:01:08.702 plugin-container[27238:1178727] *** CFMessagePort: bootstrap_register(): failed 1100 (0x44c) 'Permission denied', port = 0xb043, name = 'com.apple.tsm.portname'
See /usr/include/servers/bootstrap_defs.h for the error codes.
1512464469063	Marionette	INFO	Listening on port 57333
1512464469071	Marionette	WARN	TLS certificate errors will be ignored for this session
1512464469114	Marionette	DEBUG	Register listener.js for window 2147483649
1512464469133	Marionette	DEBUG	Received DOM event "beforeunload" for "about:blank"
1512464469484	Marionette	DEBUG	Received DOM event "pagehide" for "about:blank"
1512464469484	Marionette	DEBUG	Received DOM event "unload" for "about:blank"
JavaScript error: https://ss1.bdstatic.com/5eN1bjq8AAUYm2zgoY3K/r/www/cache/static/protocol/https/plugins/every_cookie_mac_82990d4.js, line 4: ReferenceError: c is not defined
1512464469727	Marionette	DEBUG	Received DOM event "DOMContentLoaded" for "https://www.baidu.com/"
1512464469773	Marionette	DEBUG	Received DOM event "pageshow" for "https://www.baidu.com/"
